2026-01-24 15:53:39,927 - utils - INFO - Config file not found, using defaults
2026-01-24 15:53:52,329 - utils - INFO - Config file not found, using defaults
2026-01-24 15:53:54,171 - utils - INFO - Starting AAU Helpdesk Chatbot...
2026-01-24 15:53:54,191 - utils - INFO - Chatbot initialized successfully!
2026-01-24 15:54:32,574 - utils - INFO - Conversation: {'user_message': 'I want to apply for computer science admission', 'bot_response': "Could you clarify what you're looking for? I want to make sure I give you the right information.", 'intent': 'admission_inquiry', 'confidence': 0.3573553230941137, 'parameters': {'department': ['computer science']}, 'user_id': None, 'session_id': None}
2026-01-24 15:58:18,268 - utils - INFO - Config file not found, using defaults
2026-01-24 17:22:42,641 - utils - INFO - Config file not found, using defaults
2026-01-24 17:22:53,127 - utils - INFO - Config file not found, using defaults
2026-01-24 17:22:55,941 - utils - INFO - Starting AAU Helpdesk Chatbot...
2026-01-24 17:22:55,958 - utils - INFO - Chatbot initialized successfully!
2026-01-24 17:23:29,875 - utils - INFO - Conversation: {'user_message': 'How do I apply for computer science admission', 'bot_response': "I'd like to help you better. Could you provide more specific details about your request?", 'intent': 'admission_inquiry', 'confidence': 0.3382240942528849, 'parameters': {'department': ['computer science']}, 'user_id': None, 'session_id': None}
2026-01-24 17:25:28,820 - utils - INFO - Config file not found, using defaults
2026-01-24 17:25:30,990 - utils - INFO - Starting AAU Helpdesk Chatbot...
2026-01-24 17:25:31,005 - utils - INFO - Chatbot initialized successfully!
2026-01-24 17:26:33,026 - utils - INFO - Config file not found, using defaults
2026-01-24 17:26:34,855 - utils - INFO - Starting AAU Helpdesk Chatbot...
2026-01-24 17:26:34,876 - utils - INFO - Chatbot initialized successfully!
2026-01-24 17:27:45,239 - utils - INFO - Config file not found, using defaults
2026-01-26 13:47:10,178 - utils - INFO - Starting AAU Helpdesk Chatbot...
2026-01-26 13:47:10,186 - utils - INFO - Chatbot initialized successfully!
2026-01-26 13:47:47,919 - utils - INFO - Starting AAU Helpdesk Chatbot...
2026-01-26 13:47:47,923 - utils - INFO - Chatbot initialized successfully!
2026-01-26 13:47:51,394 - utils - INFO - Conversation: {'user_message': 'how do I check my grades?', 'bot_response': 'I can help with grade inquiries. Which semester and year are you asking about?\n\n• Could you specify the semester?\n• What year is this for?', 'intent': np.str_('grade_inquiry'), 'confidence': np.float64(0.29670079620902884), 'parameters': {}, 'user_id': None, 'session_id': None}
2026-01-26 13:48:22,824 - utils - INFO - Conversation: {'user_message': 'Semester 2 for second year students', 'bot_response': "I'd like to help you better. Could you provide more specific details about your request?", 'intent': np.str_('registration_help'), 'confidence': np.float64(0.2217862461147004), 'parameters': {'semester': ['semester 2']}, 'user_id': None, 'session_id': None}
2026-01-26 13:48:40,944 - utils - INFO - Conversation: {'user_message': 'Semester 2, year 2 ', 'bot_response': "Could you clarify what you're looking for? I want to make sure I give you the right information.", 'intent': np.str_('registration_help'), 'confidence': np.float64(0.177691318976995), 'parameters': {'semester': ['semester 2'], 'year': ['2'], 'date': ['2, year 2']}, 'user_id': None, 'session_id': None}
2026-01-26 13:48:54,433 - utils - INFO - Conversation: {'user_message': 'I need the class schedule for Semester 2, year 2 ', 'bot_response': "I'd like to help you better. Could you provide more specific details about your request?", 'intent': np.str_('schedule_inquiry'), 'confidence': np.float64(0.21389218807108654), 'parameters': {'semester': ['semester 2'], 'year': ['2'], 'person': ['Semester 2'], 'date': ['year 2']}, 'user_id': None, 'session_id': None}
2026-01-26 13:50:48,105 - utils - INFO - Conversation: {'user_message': 'I want to apply for computer science admission', 'bot_response': 'Welcome to AAU! For computer science admission information:\n\n✅ **Steps to Apply:**\n1. Obtain application form from AAU or online\n2. Submit required documents\n3. Pay application fee\n4. Take entrance exam (if required)\n\nThe computer science program has specific prerequisites. Contact the admissions office for detailed requirements.', 'intent': np.str_('admission_inquiry'), 'confidence': np.float64(0.39796403112116346), 'parameters': {'department': ['computer science']}, 'user_id': None, 'session_id': None}
2026-01-26 13:50:56,277 - utils - INFO - Conversation: {'user_message': 'I want to apply for computer science', 'bot_response': "For computer science admissions at AAU, here's what you need to know:\n\n📋 **Requirements:**\n- Complete secondary education certificate\n- Entrance exam results\n- Application form\n\n📅 **Application Period:** Usually opens in June-July\n💰 **Application Fee:** 200 ETB\n\nFor specific requirements for computer science, please visit the admissions office or check the AAU website.", 'intent': np.str_('admission_inquiry'), 'confidence': np.float64(0.3170455553763811), 'parameters': {'department': ['computer science']}, 'user_id': None, 'session_id': None}
2026-01-26 14:44:07,807 - utils - INFO - Starting AAU Helpdesk Chatbot...
2026-01-26 14:44:07,810 - utils - INFO - Chatbot initialized successfully!
2026-01-26 18:28:37,298 - utils - INFO - Starting AAU Helpdesk Chatbot...
2026-01-26 18:28:37,300 - utils - INFO - Chatbot initialized successfully!
2026-01-28 21:59:29,619 - utils - INFO - Loaded 57 samples from Telegram data
2026-01-28 21:59:29,620 - utils - INFO - Loaded 70 samples from enhanced data
2026-01-28 21:59:29,620 - utils - INFO - Loaded 75 samples from AAU data
2026-01-28 21:59:29,620 - utils - INFO - Total training data: 202 samples
2026-01-28 22:04:43,716 - utils - INFO - Loaded 113 samples from quality Q&A data
2026-01-28 22:04:43,717 - utils - INFO - Loaded 51 samples from enhanced data
2026-01-28 22:04:43,717 - utils - INFO - Loaded 75 samples from AAU data
2026-01-28 22:04:43,717 - utils - INFO - Total training data: 239 samples
2026-01-28 22:07:19,058 - utils - INFO - Loaded 113 samples from quality Q&A data
2026-01-28 22:07:19,059 - utils - INFO - Loaded 51 samples from enhanced data
2026-01-28 22:07:19,059 - utils - INFO - Loaded 75 samples from AAU data
2026-01-28 22:07:19,059 - utils - INFO - Total training data: 239 samples
2026-01-29 17:09:43,835 - utils - INFO - Starting AAU Helpdesk Chatbot...
2026-01-29 17:09:43,836 - utils - INFO - Loaded 113 samples from quality Q&A data
2026-01-29 17:09:43,837 - utils - INFO - Loaded 51 samples from enhanced data
2026-01-29 17:09:43,838 - utils - INFO - Loaded 75 samples from AAU data
2026-01-29 17:09:43,838 - utils - INFO - Total training data: 239 samples
2026-01-29 17:09:43,891 - utils - INFO - Chatbot initialized successfully!
2026-01-29 18:47:41,510 - utils - INFO - Starting AAU Helpdesk Chatbot...
2026-01-29 18:47:41,512 - utils - INFO - Loaded 113 samples from quality Q&A data
2026-01-29 18:47:41,513 - utils - INFO - Loaded 51 samples from enhanced data
2026-01-29 18:47:41,515 - utils - INFO - Loaded 75 samples from AAU data
2026-01-29 18:47:41,515 - utils - INFO - Total training data: 239 samples
2026-01-29 18:47:41,566 - utils - INFO - Chatbot initialized successfully!
2026-01-29 18:48:16,605 - utils - INFO - Conversation: {'user_message': 'How much should i pay for computer science', 'bot_response': 'Welcome to AAU! For computer science admission information:\n\n**Steps to Apply:**\n1. Obtain application form from AAU or online\n2. Submit required documents\n3. Pay application fee\n4. Take entrance exam (if required)\n\nThe computer science program has specific prerequisites. Contact the admissions office for detailed requirements.', 'intent': 'admission_inquiry', 'confidence': 0.3318224526191968, 'parameters': {'department': ['computer science']}, 'user_id': None, 'session_id': 'session-1769701675720'}
2026-01-29 18:49:38,393 - utils - INFO - Conversation: {'user_message': 'Tell me about the campuses', 'bot_response': 'AAU Student Services \n\n**Main Campus:** Addis Ababa, Ethiopia\n**Phone:** +251-11-123-4567\n**Email:** info@aau.edu.et\n**Website:** www.aau.edu.et\n\nWhat specific information do you need?', 'intent': 'general_info', 'confidence': 0.25071087837376926, 'parameters': {}, 'user_id': None, 'session_id': 'session-1769701765866'}
2026-01-29 18:49:55,052 - utils - INFO - Conversation: {'user_message': 'what are you', 'bot_response': "I'd like to help you better. Could you provide more specific details about your request?", 'intent': 'registration_help', 'confidence': 0.17154811715481172, 'parameters': {}, 'user_id': None, 'session_id': 'session-1769701765866'}
2026-01-29 18:50:09,379 - utils - INFO - Conversation: {'user_message': 'How do i check my grades', 'bot_response': 'To check your grades, please specify the semester and academic year.\n\n• What semester do you need information about?\n• Which academic year are you asking about?', 'intent': 'grade_inquiry', 'confidence': 0.6351170517383151, 'parameters': {}, 'user_id': None, 'session_id': 'session-1769701765866'}
2026-01-29 18:50:29,921 - utils - INFO - Conversation: {'user_message': '5th year first semester', 'bot_response': 'I can help with registration! Which semester and year are you registering for?\n\n• Could you specify the year?', 'intent': 'registration_help', 'confidence': 0.27247297923631836, 'parameters': {'semester': ['first semester'], 'date': ['5th year first semester']}, 'user_id': None, 'session_id': 'session-1769701765866'}
2026-01-29 18:51:41,784 - utils - INFO - Conversation: {'user_message': 'How do I register for software engineering', 'bot_response': 'I can help with registration! Which semester and year are you registering for?\n\n• Which semester are you referring to (1st, 2nd, etc.)?\n• Could you specify the year?', 'intent': 'registration_help', 'confidence': 0.35381578883133463, 'parameters': {'department': ['engineering']}, 'user_id': None, 'session_id': 'session-1769701881485'}
2026-01-29 18:52:06,948 - utils - INFO - Conversation: {'user_message': '1st semster 2nd year', 'bot_response': 'To provide specific registration guidance, please let me know the semester and academic year.\n\n• Which academic year are you asking about?', 'intent': 'registration_help', 'confidence': 0.26686876554614, 'parameters': {'semester': ['1st sem'], 'date': ['1st semster 2nd year']}, 'user_id': None, 'session_id': 'session-1769701881485'}
2026-01-29 18:52:19,113 - utils - INFO - Conversation: {'user_message': '1st semster 2nd year', 'bot_response': 'I can help with registration! Which semester and year are you registering for?\n\n• What year is this for?', 'intent': 'registration_help', 'confidence': 0.26686876554614, 'parameters': {'semester': ['1st sem'], 'date': ['1st semster 2nd year']}, 'user_id': None, 'session_id': 'session-1769701881485'}
2026-01-29 21:16:19,939 - utils - INFO - Starting AAU Helpdesk Chatbot...
2026-01-29 21:16:19,943 - utils - INFO - Loaded 113 samples from quality Q&A data
2026-01-29 21:16:19,945 - utils - INFO - Loaded 51 samples from enhanced data
2026-01-29 21:16:19,947 - utils - INFO - Loaded 75 samples from AAU data
2026-01-29 21:16:19,947 - utils - INFO - Total training data: 239 samples
2026-01-29 21:16:19,996 - utils - INFO - Chatbot initialized successfully!
2026-01-29 21:16:59,085 - utils - INFO - Conversation: {'user_message': 'How do I get admitted to software engineering', 'bot_response': 'Welcome to AAU! For engineering admission information:\n\n**Steps to Apply:**\n1. Obtain application form from AAU or online\n2. Submit required documents\n3. Pay application fee\n4. Take entrance exam (if required)\n\nThe engineering program has specific prerequisites. Contact the admissions office for detailed requirements.', 'intent': 'admission_inquiry', 'confidence': 0.31770925983807957, 'parameters': {'department': ['engineering']}, 'user_id': None, 'session_id': 'session-1769710584641'}
2026-01-29 21:17:16,842 - utils - INFO - Conversation: {'user_message': 'How do i see my grade', 'bot_response': 'I can help with grade inquiries. Which semester and year are you asking about?\n\n• Which semester are you referring to (1st, 2nd, etc.)?\n• Could you specify the year?', 'intent': 'grade_inquiry', 'confidence': 0.2823273343253263, 'parameters': {'department': ['engineering']}, 'user_id': None, 'session_id': 'session-1769710584641'}
2026-01-29 21:17:30,442 - utils - INFO - Conversation: {'user_message': '1st semester 2nd year', 'bot_response': 'I can help with registration! Which semester and year are you registering for?\n\n• Which academic year are you asking about?', 'intent': 'registration_help', 'confidence': 0.3629764995574786, 'parameters': {'department': ['engineering'], 'semester': ['1st semester', 'semester 2'], 'date': ['1st semester 2nd year']}, 'user_id': None, 'session_id': 'session-1769710584641'}
2026-01-29 21:19:51,280 - app.utils - INFO - Loaded 113 samples from quality Q&A data
2026-01-29 21:19:51,300 - app.utils - INFO - Loaded 51 samples from enhanced data
2026-01-29 21:19:51,325 - app.utils - INFO - Loaded 75 samples from AAU data
2026-01-29 21:19:51,327 - app.utils - INFO - Total training data: 239 samples
2026-01-29 21:20:42,254 - utils - INFO - Starting AAU Helpdesk Chatbot...
2026-01-29 21:20:42,256 - utils - INFO - Loaded 113 samples from quality Q&A data
2026-01-29 21:20:42,258 - utils - INFO - Loaded 51 samples from enhanced data
2026-01-29 21:20:42,259 - utils - INFO - Loaded 75 samples from AAU data
2026-01-29 21:20:42,259 - utils - INFO - Total training data: 239 samples
2026-01-29 21:20:42,270 - utils - INFO - Chatbot initialized successfully!
2026-01-29 21:20:55,212 - utils - INFO - Starting AAU Helpdesk Chatbot...
2026-01-29 21:20:55,214 - utils - INFO - Loaded 113 samples from quality Q&A data
2026-01-29 21:20:55,215 - utils - INFO - Loaded 51 samples from enhanced data
2026-01-29 21:20:55,216 - utils - INFO - Loaded 75 samples from AAU data
2026-01-29 21:20:55,216 - utils - INFO - Total training data: 239 samples
2026-01-29 21:20:55,230 - utils - INFO - Chatbot initialized successfully!
2026-01-29 21:21:46,768 - app.utils - INFO - Loaded 113 samples from quality Q&A data
2026-01-29 21:21:46,769 - app.utils - INFO - Loaded 51 samples from enhanced data
2026-01-29 21:21:46,770 - app.utils - INFO - Loaded 75 samples from AAU data
2026-01-29 21:21:46,771 - app.utils - INFO - Total training data: 239 samples
2026-01-29 21:22:17,058 - utils - INFO - Starting AAU Helpdesk Chatbot...
2026-01-29 21:22:17,061 - utils - INFO - Loaded 113 samples from quality Q&A data
2026-01-29 21:22:17,063 - utils - INFO - Loaded 51 samples from enhanced data
2026-01-29 21:22:17,064 - utils - INFO - Loaded 75 samples from AAU data
2026-01-29 21:22:17,065 - utils - INFO - Total training data: 239 samples
2026-01-29 21:22:17,080 - utils - INFO - Chatbot initialized successfully!
2026-01-29 21:23:29,968 - utils - INFO - Starting AAU Helpdesk Chatbot...
2026-01-29 21:23:29,970 - utils - INFO - Loaded 113 samples from quality Q&A data
2026-01-29 21:23:29,972 - utils - INFO - Loaded 51 samples from enhanced data
2026-01-29 21:23:29,973 - utils - INFO - Loaded 75 samples from AAU data
2026-01-29 21:23:29,974 - utils - INFO - Total training data: 239 samples
2026-01-29 21:23:29,982 - utils - INFO - Chatbot initialized successfully!
2026-01-29 21:24:56,926 - utils - INFO - Conversation: {'user_message': 'How do i check my grades', 'bot_response': 'I can help with grade inquiries. Which semester and year are you asking about?\n\n• Which semester are you referring to (1st, 2nd, etc.)?\n• What year is this for?', 'intent': 'grade_inquiry', 'confidence': 0.6351170517383151, 'parameters': {}, 'user_id': None, 'session_id': 'session-1769711090551'}
2026-01-29 21:25:28,912 - utils - INFO - Conversation: {'user_message': '1st semester 2nd year', 'bot_response': 'To provide specific registration guidance, please let me know the semester and academic year.\n\n• Which academic year are you asking about?', 'intent': 'registration_help', 'confidence': 0.3629764995574786, 'parameters': {'semester': ['1st semester', 'semester 2'], 'date': ['1st semester 2nd year']}, 'user_id': None, 'session_id': 'session-1769711090551'}
2026-01-29 21:25:40,832 - utils - INFO - Conversation: {'user_message': '1st semester 2nd year 2026', 'bot_response': "For 1st semester, semester 2 2026 registration:\n\n**Registration Steps:**\n1. Meet with your academic advisor\n2. Select courses based on your curriculum\n3. Complete online registration\n4. Pay semester fees\n5. Confirm registration\n\n**Important:** Registration typically opens 2 weeks before semester start.\n**Need help?** Contact the registrar's office.", 'intent': 'registration_help', 'confidence': 0.3629764995574786, 'parameters': {'semester': ['1st semester', 'semester 2'], 'date': ['1st semester 2nd year 2026'], 'year': ['2026']}, 'user_id': None, 'session_id': 'session-1769711090551'}
